mpi_mm has started with 16 tasks.
Initializing arrays...
Sending 1 elements to task 1 offset=0
Sending 1 elements to task 2 offset=1
Sending 1 elements to task 3 offset=2
Sending 0 elements to task 4 offset=3
Sending 0 elements to task 5 offset=3
Sending 0 elements to task 6 offset=3
Sending 0 elements to task 7 offset=3
Sending 0 elements to task 8 offset=3
Sending 0 elements to task 9 offset=3
OUT
Sending 0 elements to task 10 offset=3
OUT
Sending 0 elements to task 11 offset=3
OUT
Sending 0 elements to task 12 offset=3
OUT
Sending 0 elements to task 13 offset=3
OUT
Sending 0 elements to task 14 offset=3
OUT
Sending 0 elements to task 15 offset=3
OUT
OUT
OUT
42.000000 54.000000 66.000000 
OUT
15.000000 18.000000 21.000000 
Received results from task 1
Received results from task 2
OUT
OUT
OUT
OUT
69.000000 90.000000 111.000000 
Received results from task 3
OUT
Received results from task 4
Received results from task 5
Received results from task 6
Received results from task 7
Received results from task 8
Received results from task 9
Received results from task 10
Received results from task 11
Received results from task 12
Received results from task 13
Received results from task 14
Received results from task 15
******************************************************
Result Matrix:
15 18 21 
42 54 66 
69 90 111 

******************************************************
Done.
