mpi_mm has started with 4 tasks.
Initializing arrays...
Sending 2 elements to task 1 offset=0
Sending 2 elements to task 2 offset=2
ROW
1.000000 1.000000 1.000000 1.000000 1.000000 
MAT
1.000000 1.000000 1.000000 1.000000 1.000000 
1.000000 1.000000 1.000000 1.000000 1.000000 
1.000000 1.000000 1.000000 1.000000 1.000000 
1.000000 1.000000 1.000000 1.000000 1.000000 
1.000000 1.000000 1.000000 1.000000 1.000000 
OUT
3756797430743440891858177228800.000000 0.000000 3756797430743440891858177228800.000000 0.000000 0.000000 
ROW
1.000000 1.000000 1.000000 1.000000 1.000000 
MAT
1.000000 1.000000 1.000000 1.000000 1.000000 
1.000000 1.000000 1.000000 1.000000 1.000000 
1.000000 1.000000 1.000000 1.000000 1.000000 
1.000000 1.000000 1.000000 1.000000 1.000000 
1.000000 1.000000 1.000000 1.000000 1.000000 
OUT
0.000000 0.000000 0.000000 0.000000 0.000000 
Sending 1 elements to task 3 offset=4
ROW
1.000000 1.000000 1.000000 1.000000 1.000000 
MAT
1.000000 1.000000 1.000000 1.000000 1.000000 
1.000000 1.000000 1.000000 1.000000 1.000000 
1.000000 1.000000 1.000000 1.000000 1.000000 
1.000000 1.000000 1.000000 1.000000 1.000000 
1.000000 1.000000 1.000000 1.000000 1.000000 
OUT
-0.000000 0.000000 -0.000000 0.000000 0.000000 
ROW
1.000000 1.000000 1.000000 1.000000 1.000000 
MAT
1.000000 1.000000 1.000000 1.000000 1.000000 
1.000000 1.000000 1.000000 1.000000 1.000000 
1.000000 1.000000 1.000000 1.000000 1.000000 
1.000000 1.000000 1.000000 1.000000 1.000000 
1.000000 1.000000 1.000000 1.000000 1.000000 
OUT
0.000000 0.000000 0.000000 0.000000 0.000000 
Received results from task 1
Received results from task 2
ROW
1.000000 1.000000 1.000000 1.000000 1.000000 
MAT
1.000000 1.000000 1.000000 1.000000 1.000000 
1.000000 1.000000 1.000000 1.000000 1.000000 
1.000000 1.000000 1.000000 1.000000 1.000000 
1.000000 1.000000 1.000000 1.000000 1.000000 
1.000000 1.000000 1.000000 1.000000 1.000000 
Received results from task 3
******************************************************
Result Matrix:
3.7568e+30 4.56641e-41 3.7568e+30 4.56641e-41 0 
0 0 0 0 0 
-4.16083e-36 4.58603e-41 -4.16083e-36 4.58603e-41 0 
0 0 0 0 0 
5.56671e+22 4.57258e-41 5.56671e+22 4.57258e-41 4.48416e-44 

******************************************************
Done.
OUT
55667121496481714929664.000000 0.000000 55667121496481714929664.000000 0.000000 0.000000 
