mpi_mm has started with 8 tasks.
Initializing arrays...
Sending 1 elements to task 1 offset=0
Sending 1 elements to task 2 offset=1
MAT A
1.000000 1.000000 1.000000 1.000000 1.000000 
0.000000 0.000000 0.000000 0.000000 0.000000 
0.000000 0.000000 0.000000 0.000000 0.000000 
0.000000 0.000000 0.000000 0.000000 0.000000 
0.000000 0.000000 0.000000 0.000000 0.000000 
MAT B
1.000000 1.000000 1.000000 1.000000 1.000000 
1.000000 1.000000 1.000000 1.000000 1.000000 
1.000000 1.000000 1.000000 1.000000 1.000000 
1.000000 1.000000 1.000000 1.000000 1.000000 
1.000000 1.000000 1.000000 1.000000 1.000000 
Sending 1 elements to task 3 offset=2
MAT A
Sending 1 elements to task 4 offset=3
1.000000 1.000000 1.000000 1.000000 1.000000 
0.000000 0.000000 0.000000 0.000000 0.000000 
MAT A
1.000000 1.000000 1.000000 1.000000 1.000000 
0.000000 0.000000 0.000000 -0.005384 0.000000 
-0.005384 0.000000 0.000000 0.000000 0.000000 
0.000000 -0.000000 0.000000 -0.000000 0.000000 
0.000000 0.000000 0.000000 0.000000 0.000000 
0.000000 0.000000 0.000000 0.000000 0.000000 
0.000000 0.000000 0.000000 0.000000 0.000000 
MAT B
1.000000 1.000000 1.000000 1.000000 1.000000 
1.000000 1.000000 1.000000 1.000000 1.000000 
-0.000000 0.000000 -0.000000 0.000000 -0.000000 
MAT B
1.000000 1.000000 1.000000 1.000000 1.000000 
1.000000 1.000000 1.000000 1.000000 1.000000 
1.000000 1.000000 1.000000 1.000000 1.000000 
1.000000 1.000000 1.000000 1.000000 1.000000 
1.000000 1.000000 1.000000 1.000000 1.000000 
1.000000 1.000000 1.000000 1.000000 1.000000 
1.000000 1.000000 1.000000 1.000000 1.000000 
1.000000 1.000000 1.000000 1.000000 1.000000 
Sending 1 elements to task 5 offset=4
MAT A
1.000000 1.000000 1.000000 1.000000 1.000000 
0.000000 0.000000 0.000000 0.000000 0.000000 
0.000000 0.000000 0.000000 0.000000 0.000000 
0.000000 0.000000 0.000000 0.000000 0.000000 
0.000000 0.000000 0.000000 0.000000 0.000000 
MAT B
1.000000 1.000000 1.000000 1.000000 1.000000 
1.000000 1.000000 1.000000 1.000000 1.000000 
1.000000 1.000000 1.000000 1.000000 1.000000 
1.000000 1.000000 1.000000 1.000000 1.000000 
1.000000 1.000000 1.000000 1.000000 1.000000 
Sending 0 elements to task 6 offset=5
MAT A
1.000000 1.000000 1.000000 1.000000 1.000000 
0.000000 0.000000 0.000000 -42680613668590190592000.000000 0.000000 
-42680613668590190592000.000000 0.000000 0.000000 0.000000 0.000000 
0.000000 -67914986068188856320.000000 0.000000 -58669799720639004672.000000 0.000000 
-58670714514313314304.000000 0.000000 -58671207095522557952.000000 0.000000 -58669940458127360000.000000 
MAT B
1.000000 1.000000 1.000000 1.000000 1.000000 
1.000000 1.000000 1.000000 1.000000 1.000000 
1.000000 1.000000 1.000000 1.000000 1.000000 
1.000000 1.000000 1.000000 1.000000 1.000000 
1.000000 1.000000 1.000000 1.000000 1.000000 
Sending 0 elements to task 7 offset=5
MAT A
-0.000000 0.000000 -0.000000 0.000000 0.000000 
0.000000 0.000000 0.000000 -0.000000 0.000000 
-0.000000 0.000000 0.000000 0.000000 0.000000 
0.000000 -0.000000 0.000000 -0.000000 0.000000 
-0.000000 0.000000 -0.000000 0.000000 -0.000000 
MAT B
1.000000 1.000000 1.000000 1.000000 1.000000 
1.000000 1.000000 1.000000 1.000000 1.000000 
1.000000 1.000000 1.000000 1.000000 1.000000 
1.000000 1.000000 1.000000 1.000000 1.000000 
1.000000 1.000000 1.000000 1.000000 1.000000 
MAT A
-98.397766 0.000000 -98.397766 0.000000 0.000000 
0.000000 0.000000 0.000000 -98.397522 0.000000 
-98.397522 0.000000 0.000000 0.000000 0.000000 
0.000000 -0.000592 0.000000 -0.000479 0.000000 
-0.000479 0.000000 -0.000479 0.000000 -0.000479 
MAT B
1.000000 1.000000 1.000000 1.000000 1.000000 
1.000000 1.000000 1.000000 1.000000 1.000000 
1.000000 1.000000 1.000000 1.000000 1.000000 
1.000000 1.000000 1.000000 1.000000 1.000000 
1.000000 1.000000 1.000000 1.000000 1.000000 
OUT
5.000000 5.000000 5.000000 5.000000 5.000000 
0.000000 0.000000 0.000000 0.000000 0.000000 
0.000000 0.000000 0.000000 0.000000 0.000000 
0.000000 0.000000 0.000000 0.000000 0.000000 
0.000000 0.000000 0.000000 0.000000 0.000000 
OUT
5.000000 5.000000 5.000000 5.000000 5.000000 
0.000000 0.000000 0.000000 0.000000 0.000000 
0.000000 0.000000 0.000000 0.000000 0.000000 
0.000000 0.000000 0.000000 0.000000 0.000000 
0.000000 0.000000 0.000000 0.000000 0.000000 
Received results from task 1
Received results from task 2
OUT
-0.000000 0.000000 -0.000000 0.000000 0.000000 
0.000000 0.000000 0.000000 -0.000000 0.000000 
-0.000000 0.000000 -0.000000 0.000000 -0.000000 
0.000000 -0.000000 0.000000 0.000000 0.000000 
0.000000 0.000000 0.000000 0.000000 0.000000 
OUT
5.000000 5.000000 5.000000 5.000000 5.000000 
0.000000 0.000000 0.000000 0.000000 0.000000 
0.000000 0.000000 0.000000 0.000000 0.000000 
0.000000 0.000000 0.000000 0.000000 0.000000 
0.000000 0.000000 0.000000 0.000000 0.000000 
OUT
-98.397522 0.000000 -98.397522 0.000000 0.000000 
0.000000 0.000000 0.000000 -0.000592 0.000000 
-0.000479 0.000000 -0.000479 0.000000 -0.000479 
0.000000 -0.000479 0.000000 0.000000 0.000000 
0.000000 0.000000 0.000000 0.000000 0.000000 
OUT
5.000000 5.000000 5.000000 5.000000 5.000000 
0.000000 0.000000 0.000000 -67914986068188856320.000000 0.000000 
-58669799720639004672.000000 0.000000 -58670714514313314304.000000 0.000000 -58671207095522557952.000000 
0.000000 -58669940458127360000.000000 0.000000 0.000000 0.000000 
0.000000 0.000000 0.000000 0.000000 0.000000 
OUT
5.000000 5.000000 5.000000 5.000000 5.000000 
0.000000 0.000000 0.000000 -0.000000 0.000000 
-0.000000 0.000000 -0.000000 0.000000 -0.000000 
0.000000 -0.000000 0.000000 0.000000 0.000000 
0.000000 0.000000 0.000000 0.000000 0.000000 
Received results from task 3
Received results from task 4
Received results from task 5
Received results from task 6
Received results from task 7
******************************************************
Result Matrix:
5 5 5 5 5 
5 5 5 5 5 
5 5 5 5 5 
5 5 5 5 5 
5 5 5 5 5 

******************************************************
Done.
